/*C23*/SET SCHEMA PUBLIC
DELETE FROM TICKET WHERE ID=30
INSERT INTO TICKET VALUES(30,'28759',0,FALSE,1,'2019-06-04 19:30:05.273000','2019-06-04 13:38:30.518000',NULL,0.0E0,0.0E0,0,NULL,1,0.0E0,0.0E0,0,300.0E0,0.0E0,0,NULL,0.0E0,0.0E0,0,'st8ru5',5,4,'Activo')
COMMIT
/*C24*/SET SCHEMA PUBLIC
DELETE FROM TICKET WHERE ID=31
INSERT INTO TICKET VALUES(31,'64563',0,FALSE,1,'2019-06-04 19:30:05.462000','2019-06-04 13:38:30.729000',NULL,0.0E0,0.0E0,0,NULL,1,0.0E0,0.0E0,0,300.0E0,0.0E0,0,NULL,0.0E0,0.0E0,0,'jd5bah',5,4,'Activo')
COMMIT
/*C25*/SET SCHEMA PUBLIC
DELETE FROM TICKET WHERE ID=32
INSERT INTO TICKET VALUES(32,'59741',0,FALSE,1,'2019-06-04 19:30:05.597000','2019-06-04 13:38:30.982000',NULL,0.0E0,0.0E0,0,NULL,1,0.0E0,0.0E0,0,300.0E0,0.0E0,0,NULL,0.0E0,0.0E0,0,'uj9l37',5,4,'Activo')
COMMIT
/*C26*/SET SCHEMA PUBLIC
DELETE FROM TICKET WHERE ID=33
INSERT INTO TICKET VALUES(33,'37600',0,FALSE,1,'2019-06-04 19:30:05.710000','2019-06-04 13:38:31.163000',NULL,0.0E0,0.0E0,0,NULL,1,0.0E0,0.0E0,0,300.0E0,0.0E0,0,NULL,0.0E0,0.0E0,0,'f25nqr',5,4,'Activo')
COMMIT
/*C27*/SET SCHEMA PUBLIC
DELETE FROM TICKET WHERE ID=34
INSERT INTO TICKET VALUES(34,'08778',0,FALSE,1,'2019-06-04 19:30:05.875000','2019-06-04 13:38:31.373000',NULL,0.0E0,0.0E0,0,NULL,1,0.0E0,0.0E0,0,300.0E0,0.0E0,0,NULL,0.0E0,0.0E0,0,'2q69ok',5,4,'Activo')
COMMIT
/*C28*/SET SCHEMA PUBLIC
DELETE FROM TICKET WHERE ID=35
INSERT INTO TICKET VALUES(35,'23443',0,FALSE,1,'2019-06-04 19:30:06.022000','2019-06-04 13:38:31.549000',NULL,0.0E0,0.0E0,0,NULL,1,0.0E0,0.0E0,0,300.0E0,0.0E0,0,NULL,0.0E0,0.0E0,0,'j9m3jn',5,4,'Activo')
COMMIT
/*C29*/SET SCHEMA PUBLIC
DELETE FROM TICKET WHERE ID=37
INSERT INTO TICKET VALUES(37,'voucher',0,FALSE,1,'2019-06-04 19:30:06.149000','2019-06-04 15:22:12.846000',NULL,0.0E0,0.0E0,0,NULL,0,0.0E0,0.0E0,2,0.0E0,0.0E0,0,NULL,0.0E0,0.0E0,0,'t27u4p',6,4,'Activo')
COMMIT
/*C30*/SET SCHEMA PUBLIC
DELETE FROM TICKET WHERE ID=38
INSERT INTO TICKET VALUES(38,'voucher',0,FALSE,1,'2019-06-04 19:30:06.274000','2019-06-04 15:22:13.154000',NULL,0.0E0,0.0E0,0,NULL,0,0.0E0,0.0E0,2,0.0E0,0.0E0,0,NULL,0.0E0,0.0E0,0,'v57l62',6,4,'Activo')
COMMIT
/*C31*/SET SCHEMA PUBLIC
DELETE FROM TICKET WHERE ID=39
INSERT INTO TICKET VALUES(39,'voucher',0,FALSE,1,'2019-06-04 19:30:06.392000','2019-06-04 15:22:13.565000',NULL,0.0E0,0.0E0,0,NULL,0,0.0E0,0.0E0,2,0.0E0,0.0E0,0,NULL,0.0E0,0.0E0,0,'61mb2r',6,4,'Activo')
COMMIT
/*C32*/SET SCHEMA PUBLIC
DELETE FROM TICKET WHERE ID=40
INSERT INTO TICKET VALUES(40,'voucher',0,FALSE,1,'2019-06-04 19:30:06.560000','2019-06-04 15:22:13.779000',NULL,0.0E0,0.0E0,0,NULL,0,0.0E0,0.0E0,2,0.0E0,0.0E0,0,NULL,0.0E0,0.0E0,0,'n4anb2',6,4,'Activo')
COMMIT
/*C33*/SET SCHEMA PUBLIC
DELETE FROM TICKET WHERE ID=41
INSERT INTO TICKET VALUES(41,'voucher',0,FALSE,1,'2019-06-04 19:30:06.682000','2019-06-04 15:22:14.021000',NULL,0.0E0,0.0E0,0,NULL,0,0.0E0,0.0E0,2,0.0E0,0.0E0,0,NULL,0.0E0,0.0E0,0,'9hm498',6,4,'Activo')
COMMIT
